This is pdfTeXk, Version 3.141592-1.40.3 (Web2C 7.5.6) (format=pdflatex 2008.5.13)  1 NOV 2008 21:06
entering extended mode
\write18 enabled.
 %&-line parsing enabled.
**FirstScript.tex
(./FirstScript.tex
LaTeX2e <2005/12/01>
Babel <v3.8h> and hyphenation patterns for english, usenglishmax, dumylang, noh
yphenation, arabic, basque, bulgarian, coptic, welsh, czech, slovak, german, ng
erman, danish, esperanto, spanish, catalan, galician, estonian, farsi, finnish,
 french, greek, monogreek, ancientgreek, croatian, hungarian, interlingua, ibyc
us, indonesian, icelandic, italian, latin, mongolian, dutch, norsk, polish, por
tuguese, pinyin, romanian, russian, slovenian, uppersorbian, serbian, swedish, 
turkish, ukenglish, ukrainian, loaded.
(../Common.tex (/usr/local/texlive/2007/texmf-dist/tex/latex/base/book.cls
Document Class: book 2005/09/16 v1.4f Standard LaTeX document class
(/usr/local/texlive/2007/texmf-dist/tex/latex/base/bk11.clo
File: bk11.clo 2005/09/16 v1.4f Standard LaTeX file (size option)
)
\c@part=\count79
\c@chapter=\count80
\c@section=\count81
\c@subsection=\count82
\c@subsubsection=\count83
\c@paragraph=\count84
\c@subparagraph=\count85
\c@figure=\count86
\c@table=\count87
\abovecaptionskip=\skip41
\belowcaptionskip=\skip42
\bibindent=\dimen102
)
(/usr/local/texlive/2007/texmf-dist/tex/latex/base/makeidx.sty
Package: makeidx 2000/03/29 v1.0m Standard LaTeX package
)
(/usr/local/texlive/2007/texmf-dist/tex/latex/psnfss/times.sty
Package: times 2005/04/12 PSNFSS-v9.2a (SPQR) 
)
(/usr/local/texlive/2007/texmf-dist/tex/latex/ltxmisc/a4wide.sty
Package: a4wide 1994/08/30

(/usr/local/texlive/2007/texmf-dist/tex/latex/ntgclass/a4.sty
Package: a4 2004/04/15 v1.2g A4 based page layout
))
(/usr/local/texlive/2007/texmf-dist/tex/latex/graphics/graphicx.sty
Package: graphicx 1999/02/16 v1.0f Enhanced LaTeX Graphics (DPC,SPQR)

(/usr/local/texlive/2007/texmf-dist/tex/latex/graphics/keyval.sty
Package: keyval 1999/03/16 v1.13 key=value parser (DPC)
\KV@toks@=\toks14
)
(/usr/local/texlive/2007/texmf-dist/tex/latex/graphics/graphics.sty
Package: graphics 2006/02/20 v1.0o Standard LaTeX Graphics (DPC,SPQR)

(/usr/local/texlive/2007/texmf-dist/tex/latex/graphics/trig.sty
Package: trig 1999/03/16 v1.09 sin cos tan (DPC)
)
(/usr/local/texlive/2007/texmf/tex/latex/config/graphics.cfg
File: graphics.cfg 2007/01/18 v1.5 graphics configuration of teTeX/TeXLive
)
Package graphics Info: Driver file: pdftex.def on input line 90.

(/usr/local/texlive/2007/texmf-dist/tex/latex/pdftex-def/pdftex.def
File: pdftex.def 2007/01/08 v0.04d Graphics/color for pdfTeX
\Gread@gobject=\count88
))
\Gin@req@height=\dimen103
\Gin@req@width=\dimen104
)
(/usr/local/texlive/2007/texmf-dist/tex/latex/tools/calc.sty
Package: calc 2005/08/06 v4.2 Infix arithmetic (KKT,FJ)
\calc@Acount=\count89
\calc@Bcount=\count90
\calc@Adimen=\dimen105
\calc@Bdimen=\dimen106
\calc@Askip=\skip43
\calc@Bskip=\skip44
LaTeX Info: Redefining \setlength on input line 75.
LaTeX Info: Redefining \addtolength on input line 76.
\calc@Ccount=\count91
\calc@Cskip=\skip45
)
(/usr/local/texlive/2007/texmf-dist/tex/latex/psnfss/pifont.sty
Package: pifont 2005/04/12 PSNFSS-v9.2a Pi font support (SPQR) 
LaTeX Font Info:    Try loading font information for U+pzd on input line 63.

(/usr/local/texlive/2007/texmf-dist/tex/latex/psnfss/upzd.fd
File: upzd.fd 2001/06/04 font definitions for U/pzd.
)
LaTeX Font Info:    Try loading font information for U+psy on input line 64.

(/usr/local/texlive/2007/texmf-dist/tex/latex/psnfss/upsy.fd
File: upsy.fd 2001/06/04 font definitions for U/psy.
))
(/usr/local/texlive/2007/texmf-dist/tex/latex/base/t1enc.sty
Package: t1enc 1994/06/01 Standard LaTeX package
)
(/usr/local/texlive/2007/texmf-dist/tex/latex/tools/xspace.sty
Package: xspace 2006/05/08 v1.12 Space after command names (DPC,MH)
)
(/usr/local/texlive/2007/texmf-dist/tex/latex/base/ifthen.sty
Package: ifthen 2001/05/26 v1.1c Standard LaTeX ifthen package (DPC)
)
(/usr/local/texlive/2007/texmf-dist/tex/latex/base/alltt.sty
Package: alltt 1997/06/16 v2.0g defines alltt environment
)
(/usr/local/texlive/2007/texmf-dist/tex/latex/tools/theorem.sty
Package: theorem 1995/11/23 v2.2c Theorem extension package (FMi)
\theorem@style=\toks15
\theorem@bodyfont=\toks16
\theorempreskipamount=\skip46
\theorempostskipamount=\skip47

(/usr/local/texlive/2007/texmf-dist/tex/latex/tools/thp.sty
File: thp.sty 1995/11/23 v2.2c Theorem extension package (FMi)
))) (../macroes.tex
(/usr/local/texlive/2007/texmf-dist/tex/latex/tools/thb.sty
File: thb.sty 1995/11/23 v2.2c Theorem extension package (FMi)
)
LaTeX Font Info:    Try loading font information for T1+ptm on input line 14.

(/usr/local/texlive/2007/texmf-dist/tex/latex/psnfss/t1ptm.fd
File: t1ptm.fd 2001/06/04 font definitions for T1/ptm.
)
\c@privScript=\count92
\c@privExercise=\count93
\c@privMethod=\count94
\c@privClassDef=\count95
\c@privTemplate=\count96
\ScriptFigure=\box26
\ScriptWidth=\skip48
\FigureWidth=\skip49
\scriptindent=\skip50
\methodindent=\skip51
\methodwordlength=\skip52
\aftermethod=\skip53
\c@fonction=\count97
\fminibox=\box27
\fminilength=\skip54
\c@stefscript=\count98
\c@exampleScript=\count99
\c@bigstepnumber=\count100
\c@exercisenumber=\count101
)
(./FirstScript.aux)
\openout1 = `FirstScript.aux'.

LaTeX Font Info:    Checking defaults for OML/cmm/m/it on input line 8.
LaTeX Font Info:    ... okay on input line 8.
LaTeX Font Info:    Checking defaults for T1/cmr/m/n on input line 8.
LaTeX Font Info:    ... okay on input line 8.
LaTeX Font Info:    Checking defaults for OT1/cmr/m/n on input line 8.
LaTeX Font Info:    ... okay on input line 8.
LaTeX Font Info:    Checking defaults for OMS/cmsy/m/n on input line 8.
LaTeX Font Info:    ... okay on input line 8.
LaTeX Font Info:    Checking defaults for OMX/cmex/m/n on input line 8.
LaTeX Font Info:    ... okay on input line 8.
LaTeX Font Info:    Checking defaults for U/cmr/m/n on input line 8.
LaTeX Font Info:    ... okay on input line 8.

(/usr/local/texlive/2007/texmf-dist/tex/context/base/supp-pdf.tex
[Loading MPS to PDF converter (version 2006.09.02).]
\scratchcounter=\count102
\scratchdimen=\dimen107
\scratchbox=\box28
\nofMPsegments=\count103
\nofMParguments=\count104
\MPscratchCnt=\count105
\MPscratchDim=\dimen108
\MPnumerator=\count106
\everyMPtoPDFconversion=\toks17
)
Chapter 1.
LaTeX Font Info:    Font shape `T1/ptm/bx/n' in size <14.4> not available
(Font)              Font shape `T1/ptm/b/n' tried instead on input line 20.
LaTeX Font Info:    Try loading font information for T1+phv on input line 21.
(/usr/local/texlive/2007/texmf-dist/tex/latex/psnfss/t1phv.fd
File: t1phv.fd 2001/06/04 scalable font definitions for T1/phv.
)
<goturnleftgo2.pdf, id=1, 395.4775pt x 190.7125pt>
File: goturnleftgo2.pdf Graphic file (type pdf)
 <use goturnleftgo2.pdf>
<goturnleftgoLong2.pdf, id=2, 682.55pt x 198.7425pt>
File: goturnleftgoLong2.pdf Graphic file (type pdf)

<use goturnleftgoLong2.pdf>

LaTeX Warning: `!h' float specifier changed to `!ht'.

LaTeX Font Info:    Font shape `T1/ptm/bx/n' in size <10.95> not available
(Font)              Font shape `T1/ptm/b/n' tried instead on input line 34.

Underfull \vbox (badness 3792) has occurred while \output is active []

 [1


{/usr/local/texlive/2007/texmf-var/fonts/map/pdftex/updmap/pdftex.map}]
<TurtleWorkspace.pdf, id=12, 403.5075pt x 154.5775pt>
File: TurtleWorkspace.pdf Graphic file (type pdf)

<use TurtleWorkspace.pdf>
LaTeX Font Info:    Try loading font information for T1+pcr on input line 44.

(/usr/local/texlive/2007/texmf-dist/tex/latex/psnfss/t1pcr.fd
File: t1pcr.fd 2001/06/04 font definitions for T1/pcr.
)
LaTeX Font Info:    External font `cmex10' loaded for size
(Font)              <7> on input line 55.
LaTeX Font Info:    External font `cmex10' loaded for size
(Font)              <5> on input line 55.

Overfull \hbox (10.65588pt too wide) in paragraph at lines 44--55
|  [] 
 []


Underfull \vbox (badness 10000) has occurred while \output is active []

 [2 <./goturnleftgo2.pdf> <./goturnleftgoLong2.pdf> <./TurtleWorkspace.pdf>]
<fsdoit.pdf, id=38, 402.50375pt x 505.89pt>
File: fsdoit.pdf Graphic file (type pdf)
 <use fsdoit.pdf>

LaTeX Warning: `!h' float specifier changed to `!ht'.

LaTeX Font Info:    Font shape `T1/ptm/bx/n' in size <12> not available
(Font)              Font shape `T1/ptm/b/n' tried instead on input line 74.
[3]
Underfull \vbox (badness 10000) has occurred while \output is active []

 [4 <./fsdoit.pdf>]
LaTeX Font Info:    External font `cmex10' loaded for size
(Font)              <10.95> on input line 106.
LaTeX Font Info:    External font `cmex10' loaded for size
(Font)              <8> on input line 106.
LaTeX Font Info:    External font `cmex10' loaded for size
(Font)              <6> on input line 106.

Overfull \hbox (10.65588pt too wide) in paragraph at lines 113--124
|  [] 
 []

LaTeX Font Info:    Font shape `T1/phv/bx/n' in size <10.95> not available
(Font)              Font shape `T1/phv/b/n' tried instead on input line 130.

LaTeX Warning: Reference `ch:variables' on page 5 undefined on input line 130.

[5]
Underfull \hbox (badness 10000) in paragraph at lines 147--147

 []


LaTeX Warning: Reference `cha:variables' on page 6 undefined on input line 166.



LaTeX Warning: Reference `ch:variables' on page 6 undefined on input line 167.

<message.pdf, id=56, 325.215pt x 232.86899pt>
File: message.pdf Graphic file (type pdf)
 <use message.pdf>

LaTeX Warning: `h' float specifier changed to `ht'.


Underfull \hbox (badness 10000) in paragraph at lines 182--183

 []

[6]

LaTeX Warning: Reference `ch:looping' on page 7 undefined on input line 194.

LaTeX Font Info:    External font `cmex10' loaded for size
(Font)              <12> on input line 211.

Underfull \vbox (badness 10000) has occurred while \output is active []

 [7 <./message.pdf>]
Overfull \hbox (10.65588pt too wide) in paragraph at lines 225--231
|  [] 
 []


Underfull \hbox (badness 10000) in paragraph at lines 236--236

 []

[8] <errorOne.pdf, id=86, 335.2525pt x 266.9975pt>
File: errorOne.pdf Graphic file (type pdf)
 <use errorOne.pdf> [9 <./errorOne.pdf>] <mispellVariable.pdf, id=97, 317.185pt
 x 144.54pt>
File: mispellVariable.pdf Graphic file (type pdf)

<use mispellVariable.pdf>
<unknowVariable.pdf, id=98, 359.3425pt x 119.44624pt>
File: unknowVariable.pdf Graphic file (type pdf)
 <use unknowVariable.pdf>
<unusedVariables.pdf, id=99, 282.05376pt x 129.48375pt>
File: unusedVariables.pdf Graphic file (type pdf)

<use unusedVariables.pdf> [10 <./mispellVariable.pdf> <./unknowVariable.pdf> <.
/unusedVariables.pdf>] <BMissing.pdf, id=124, 310.15875pt x 191.71625pt>
File: BMissing.pdf Graphic file (type pdf)

<use BMissing.pdf> <periodMissing.pdf, id=125, 329.23pt x 271.0125pt>
File: periodMissing.pdf Graphic file (type pdf)

<use periodMissing.pdf> [11 <./BMissing.pdf> <./periodMissing.pdf>]
<coloring.pdf, id=143, 670.51805pt x 252.945pt>
File: coloring.pdf Graphic file (type pdf)
 <use coloring.pdf> [12 <./coloring.pdf>] [13] (./FirstScript.aux)

 *File List*
../Common.tex
    book.cls    2005/09/16 v1.4f Standard LaTeX document class
    bk11.clo    2005/09/16 v1.4f Standard LaTeX file (size option)
 makeidx.sty    2000/03/29 v1.0m Standard LaTeX package
   times.sty    2005/04/12 PSNFSS-v9.2a (SPQR) 
  a4wide.sty    1994/08/30
      a4.sty    2004/04/15 v1.2g A4 based page layout
graphicx.sty    1999/02/16 v1.0f Enhanced LaTeX Graphics (DPC,SPQR)
  keyval.sty    1999/03/16 v1.13 key=value parser (DPC)
graphics.sty    2006/02/20 v1.0o Standard LaTeX Graphics (DPC,SPQR)
    trig.sty    1999/03/16 v1.09 sin cos tan (DPC)
graphics.cfg    2007/01/18 v1.5 graphics configuration of teTeX/TeXLive
  pdftex.def    2007/01/08 v0.04d Graphics/color for pdfTeX
    calc.sty    2005/08/06 v4.2 Infix arithmetic (KKT,FJ)
  pifont.sty    2005/04/12 PSNFSS-v9.2a Pi font support (SPQR) 
    upzd.fd    2001/06/04 font definitions for U/pzd.
    upsy.fd    2001/06/04 font definitions for U/psy.
   t1enc.sty    1994/06/01 Standard LaTeX package
  xspace.sty    2006/05/08 v1.12 Space after command names (DPC,MH)
  ifthen.sty    2001/05/26 v1.1c Standard LaTeX ifthen package (DPC)
   alltt.sty    1997/06/16 v2.0g defines alltt environment
 theorem.sty    1995/11/23 v2.2c Theorem extension package (FMi)
     thp.sty    1995/11/23 v2.2c Theorem extension package (FMi)
../macroes.tex
     thb.sty    1995/11/23 v2.2c Theorem extension package (FMi)
   t1ptm.fd    2001/06/04 font definitions for T1/ptm.
supp-pdf.tex
   t1phv.fd    2001/06/04 scalable font definitions for T1/phv.
goturnleftgo2.pdf    Graphic file (type pdf)
goturnleftgoLong2.pdf    Graphic file (type pdf)
TurtleWorkspace.pdf    Graphic file (type pdf)
   t1pcr.fd    2001/06/04 font definitions for T1/pcr.
  fsdoit.pdf    Graphic file (type pdf)
 message.pdf    Graphic file (type pdf)
errorOne.pdf    Graphic file (type pdf)
mispellVariable.pdf    Graphic file (type pdf)
unknowVariable.pdf    Graphic file (type pdf)
unusedVariables.pdf    Graphic file (type pdf)
BMissing.pdf    Graphic file (type pdf)
periodMissing.pdf    Graphic file (type pdf)
coloring.pdf    Graphic file (type pdf)
 ***********


LaTeX Warning: There were undefined references.

 )
(\end occurred when \ifx on line 360 was incomplete) 
Here is how much of TeX's memory you used:
 1693 strings out of 94073
 22311 string characters out of 1162993
 73232 words of memory out of 1500000
 4934 multiletter control sequences out of 10000+50000
 47969 words of font info for 62 fonts, out of 1200000 for 2000
 645 hyphenation exceptions out of 8191
 30i,7n,30p,921b,506s stack positions out of 5000i,500n,6000p,200000b,5000s
{/usr/local/texlive/2007/te
xmf-dist/fonts/enc/dvips/base/8r.enc}</usr/local/texlive/2007/texmf-dist/fonts/
type1/bluesky/cm/cmbx12.pfb></usr/local/texlive/2007/texmf-dist/fonts/type1/blu
esky/cm/cmsy10.pfb></usr/local/texlive/2007/texmf-dist/fonts/type1/urw/helvetic
/uhvb8a.pfb></usr/local/texlive/2007/texmf-dist/fonts/type1/urw/helvetic/uhvr8a
.pfb></usr/local/texlive/2007/texmf-dist/fonts/type1/urw/times/utmb8a.pfb></usr
/local/texlive/2007/texmf-dist/fonts/type1/urw/times/utmr8a.pfb></usr/local/tex
live/2007/texmf-dist/fonts/type1/urw/times/utmr8a.pfb></usr/local/texlive/2007/
texmf-dist/fonts/type1/urw/times/utmri8a.pfb>
Output written on FirstScript.pdf (13 pages, 240335 bytes).
PDF statistics:
 244 PDF objects out of 1000 (max. 8388607)
 0 named destinations out of 1000 (max. 131072)
 61 words of extra memory for PDF output out of 10000 (max. 10000000)

