This is pdfTeXk, Version 3.141592-1.40.3 (Web2C 7.5.6) (format=pdflatex 2008.5.13)  1 NOV 2008 17:46
entering extended mode
\write18 enabled.
 %&-line parsing enabled.
**GettingStarted.tex
(./GettingStarted.tex
LaTeX2e <2005/12/01>
Babel <v3.8h> and hyphenation patterns for english, usenglishmax, dumylang, noh
yphenation, arabic, basque, bulgarian, coptic, welsh, czech, slovak, german, ng
erman, danish, esperanto, spanish, catalan, galician, estonian, farsi, finnish,
 french, greek, monogreek, ancientgreek, croatian, hungarian, interlingua, ibyc
us, indonesian, icelandic, italian, latin, mongolian, dutch, norsk, polish, por
tuguese, pinyin, romanian, russian, slovenian, uppersorbian, serbian, swedish, 
turkish, ukenglish, ukrainian, loaded.
(../Common.tex (/usr/local/texlive/2007/texmf-dist/tex/latex/base/book.cls
Document Class: book 2005/09/16 v1.4f Standard LaTeX document class
(/usr/local/texlive/2007/texmf-dist/tex/latex/base/bk11.clo
File: bk11.clo 2005/09/16 v1.4f Standard LaTeX file (size option)
)
\c@part=\count79
\c@chapter=\count80
\c@section=\count81
\c@subsection=\count82
\c@subsubsection=\count83
\c@paragraph=\count84
\c@subparagraph=\count85
\c@figure=\count86
\c@table=\count87
\abovecaptionskip=\skip41
\belowcaptionskip=\skip42
\bibindent=\dimen102
)
(/usr/local/texlive/2007/texmf-dist/tex/latex/base/makeidx.sty
Package: makeidx 2000/03/29 v1.0m Standard LaTeX package
)
(/usr/local/texlive/2007/texmf-dist/tex/latex/psnfss/times.sty
Package: times 2005/04/12 PSNFSS-v9.2a (SPQR) 
)
(/usr/local/texlive/2007/texmf-dist/tex/latex/ltxmisc/a4wide.sty
Package: a4wide 1994/08/30

(/usr/local/texlive/2007/texmf-dist/tex/latex/ntgclass/a4.sty
Package: a4 2004/04/15 v1.2g A4 based page layout
))
(/usr/local/texlive/2007/texmf-dist/tex/latex/graphics/graphicx.sty
Package: graphicx 1999/02/16 v1.0f Enhanced LaTeX Graphics (DPC,SPQR)

(/usr/local/texlive/2007/texmf-dist/tex/latex/graphics/keyval.sty
Package: keyval 1999/03/16 v1.13 key=value parser (DPC)
\KV@toks@=\toks14
)
(/usr/local/texlive/2007/texmf-dist/tex/latex/graphics/graphics.sty
Package: graphics 2006/02/20 v1.0o Standard LaTeX Graphics (DPC,SPQR)

(/usr/local/texlive/2007/texmf-dist/tex/latex/graphics/trig.sty
Package: trig 1999/03/16 v1.09 sin cos tan (DPC)
)
(/usr/local/texlive/2007/texmf/tex/latex/config/graphics.cfg
File: graphics.cfg 2007/01/18 v1.5 graphics configuration of teTeX/TeXLive
)
Package graphics Info: Driver file: pdftex.def on input line 90.

(/usr/local/texlive/2007/texmf-dist/tex/latex/pdftex-def/pdftex.def
File: pdftex.def 2007/01/08 v0.04d Graphics/color for pdfTeX
\Gread@gobject=\count88
))
\Gin@req@height=\dimen103
\Gin@req@width=\dimen104
)
(/usr/local/texlive/2007/texmf-dist/tex/latex/tools/calc.sty
Package: calc 2005/08/06 v4.2 Infix arithmetic (KKT,FJ)
\calc@Acount=\count89
\calc@Bcount=\count90
\calc@Adimen=\dimen105
\calc@Bdimen=\dimen106
\calc@Askip=\skip43
\calc@Bskip=\skip44
LaTeX Info: Redefining \setlength on input line 75.
LaTeX Info: Redefining \addtolength on input line 76.
\calc@Ccount=\count91
\calc@Cskip=\skip45
)
(/usr/local/texlive/2007/texmf-dist/tex/latex/psnfss/pifont.sty
Package: pifont 2005/04/12 PSNFSS-v9.2a Pi font support (SPQR) 
LaTeX Font Info:    Try loading font information for U+pzd on input line 63.

(/usr/local/texlive/2007/texmf-dist/tex/latex/psnfss/upzd.fd
File: upzd.fd 2001/06/04 font definitions for U/pzd.
)
LaTeX Font Info:    Try loading font information for U+psy on input line 64.

(/usr/local/texlive/2007/texmf-dist/tex/latex/psnfss/upsy.fd
File: upsy.fd 2001/06/04 font definitions for U/psy.
))
(/usr/local/texlive/2007/texmf-dist/tex/latex/base/t1enc.sty
Package: t1enc 1994/06/01 Standard LaTeX package
)
(/usr/local/texlive/2007/texmf-dist/tex/latex/tools/xspace.sty
Package: xspace 2006/05/08 v1.12 Space after command names (DPC,MH)
)
(/usr/local/texlive/2007/texmf-dist/tex/latex/base/ifthen.sty
Package: ifthen 2001/05/26 v1.1c Standard LaTeX ifthen package (DPC)
)
(/usr/local/texlive/2007/texmf-dist/tex/latex/base/alltt.sty
Package: alltt 1997/06/16 v2.0g defines alltt environment
)
(/usr/local/texlive/2007/texmf-dist/tex/latex/tools/theorem.sty
Package: theorem 1995/11/23 v2.2c Theorem extension package (FMi)
\theorem@style=\toks15
\theorem@bodyfont=\toks16
\theorempreskipamount=\skip46
\theorempostskipamount=\skip47

(/usr/local/texlive/2007/texmf-dist/tex/latex/tools/thp.sty
File: thp.sty 1995/11/23 v2.2c Theorem extension package (FMi)
))) (../macroes.tex
(/usr/local/texlive/2007/texmf-dist/tex/latex/tools/thb.sty
File: thb.sty 1995/11/23 v2.2c Theorem extension package (FMi)
)
LaTeX Font Info:    Try loading font information for T1+ptm on input line 14.

(/usr/local/texlive/2007/texmf-dist/tex/latex/psnfss/t1ptm.fd
File: t1ptm.fd 2001/06/04 font definitions for T1/ptm.
)
\c@privScript=\count92
\c@privExercise=\count93
\c@privMethod=\count94
\c@privClassDef=\count95
\c@privTemplate=\count96
\ScriptFigure=\box26
\ScriptWidth=\skip48
\FigureWidth=\skip49
\scriptindent=\skip50
\methodindent=\skip51
\methodwordlength=\skip52
\aftermethod=\skip53
\c@fonction=\count97
\fminibox=\box27
\fminilength=\skip54
\c@stefscript=\count98
\c@exampleScript=\count99
\c@bigstepnumber=\count100
\c@exercisenumber=\count101
)
(./GettingStarted.aux)
\openout1 = `GettingStarted.aux'.

LaTeX Font Info:    Checking defaults for OML/cmm/m/it on input line 9.
LaTeX Font Info:    ... okay on input line 9.
LaTeX Font Info:    Checking defaults for T1/cmr/m/n on input line 9.
LaTeX Font Info:    ... okay on input line 9.
LaTeX Font Info:    Checking defaults for OT1/cmr/m/n on input line 9.
LaTeX Font Info:    ... okay on input line 9.
LaTeX Font Info:    Checking defaults for OMS/cmsy/m/n on input line 9.
LaTeX Font Info:    ... okay on input line 9.
LaTeX Font Info:    Checking defaults for OMX/cmex/m/n on input line 9.
LaTeX Font Info:    ... okay on input line 9.
LaTeX Font Info:    Checking defaults for U/cmr/m/n on input line 9.
LaTeX Font Info:    ... okay on input line 9.

(/usr/local/texlive/2007/texmf-dist/tex/context/base/supp-pdf.tex
[Loading MPS to PDF converter (version 2006.09.02).]
\scratchcounter=\count102
\scratchdimen=\dimen107
\scratchbox=\box28
\nofMPsegments=\count103
\nofMParguments=\count104
\MPscratchCnt=\count105
\MPscratchDim=\dimen108
\MPnumerator=\count106
\everyMPtoPDFconversion=\toks17
)
Chapter 1.
LaTeX Font Info:    Font shape `T1/ptm/bx/n' in size <10.95> not available
(Font)              Font shape `T1/ptm/b/n' tried instead on input line 16.

LaTeX Warning: Reference `cha:caroTour' on page 1 undefined on input line 16.

LaTeX Font Info:    Font shape `T1/ptm/bx/n' in size <14.4> not available
(Font)              Font shape `T1/ptm/b/n' tried instead on input line 20.
LaTeX Font Info:    Try loading font information for T1+phv on input line 23.
(/usr/local/texlive/2007/texmf-dist/tex/latex/psnfss/t1phv.fd
File: t1phv.fd 2001/06/04 scalable font definitions for T1/phv.
)
<readyToUseMacZip2.pdf, id=1, 111.41624pt x 82.3075pt>
File: readyToUseMacZip2.pdf Graphic file (type pdf)

<use readyToUseMacZip2.pdf> <macFiles2.pdf, id=2, 365.365pt x 256.96pt>
File: macFiles2.pdf Graphic file (type pdf)

<use macFiles2.pdf>

LaTeX Warning: `h' float specifier changed to `ht'.

[1


{/usr/local/texlive/2007/texmf-var/fonts/map/pdftex/updmap/pdftex.map}]
<zipPC.pdf, id=12, 97.36375pt x 79.29625pt>
File: zipPC.pdf Graphic file (type pdf)
 <use zipPC.pdf>
<readyPC.pdf, id=13, 368.37625pt x 183.68625pt>
File: readyPC.pdf Graphic file (type pdf)
 <use readyPC.pdf>
<dropImage2.pdf, id=14, 340.27126pt x 194.7275pt>
File: dropImage2.pdf Graphic file (type pdf)
 <use dropImage2.pdf>
<readyDD.pdf, id=15, 417.56pt x 233.87375pt>
File: readyDD.pdf Graphic file (type pdf)
 <use readyDD.pdf>

LaTeX Warning: `!h' float specifier changed to `!ht'.

[2 <./readyToUseMacZip2.pdf> <./macFiles2.pdf> <./zipPC.pdf> <./readyPC.pdf>]
LaTeX Font Info:    External font `cmex10' loaded for size
(Font)              <10.95> on input line 58.
LaTeX Font Info:    External font `cmex10' loaded for size
(Font)              <8> on input line 58.
LaTeX Font Info:    External font `cmex10' loaded for size
(Font)              <6> on input line 58.

<firstEnvironmentAnnotated.pdf, id=50, 571.13173pt x 477.77896pt>
File: firstEnvironmentAnnotated.pdf Graphic file (type pdf)

<use firstEnvironmentAnnotated.pdf>

LaTeX Warning: Reference `cha:caroTour' on page 3 undefined on input line 71.

[3 <./dropImage2.pdf> <./readyDD.pdf> <./firstEnvironmentAnnotated.pdf>]
<firstBalloon2.pdf, id=89, 305.14pt x 161.60374pt>
File: firstBalloon2.pdf Graphic file (type pdf)
 <use firstBalloon2.pdf>
<sendingAMsg2.pdf, id=90, 710.664pt x 262.45152pt>
File: sendingAMsg2.pdf Graphic file (type pdf)
 <use sendingAMsg2.pdf>
<turn20+702.pdf, id=91, 301.125pt x 191.71625pt>
File: turn20+702.pdf Graphic file (type pdf)
 <use turn20+702.pdf>
<turned2.pdf, id=92, 126.4725pt x 111.41624pt>
File: turned2.pdf Graphic file (type pdf)
 <use turned2.pdf>

LaTeX Warning: `!h' float specifier changed to `!ht'.

[4 <./firstBalloon2.pdf> <./sendingAMsg2.pdf>]
<colorGreen2.pdf, id=134, 307.1475pt x 193.72375pt>
File: colorGreen2.pdf Graphic file (type pdf)
 <use colorGreen2.pdf>
<green2.pdf, id=135, 119.44624pt x 120.45pt>
File: green2.pdf Graphic file (type pdf)
 <use green2.pdf>
LaTeX Font Info:    Font shape `T1/ptm/bx/n' in size <12> not available
(Font)              Font shape `T1/ptm/b/n' tried instead on input line 104.
 [5 <./turn20+702.pdf> <./turned2.pdf> <./colorGreen2.pdf> <./green2.pdf>]
<classBalloon2.pdf, id=167, 332.24126pt x 164.615pt>
File: classBalloon2.pdf Graphic file (type pdf)
 <use classBalloon2.pdf>
<creatingARobot2.pdf, id=168, 627.35478pt x 242.9065pt>
File: creatingARobot2.pdf Graphic file (type pdf)

<use creatingARobot2.pdf> [6 <./classBalloon2.pdf> <./creatingARobot2.pdf>]
<worldMenuAnnotated.pdf, id=210, 431.59946pt x 234.8775pt>
File: worldMenuAnnotated.pdf Graphic file (type pdf)

<use worldMenuAnnotated.pdf> [7 <./worldMenuAnnotated.pdf>]
<changesNotWritable.pdf, id=233, 473.77pt x 90.3375pt>
File: changesNotWritable.pdf Graphic file (type pdf)

<use changesNotWritable.pdf>
Underfull \hbox (badness 6001) in paragraph at lines 183--183
[]\T1/ptm/m/n/10.95 Figure 1.12: The er-ror mes-sage show-ing that the im-age (
\T1/phv/m/n/10.95 Ready.image\T1/ptm/m/n/10.95 ) or changes
 []


Overfull \hbox (17.7835pt too wide) in paragraph at lines 186--187
[]\T1/ptm/m/n/10.95 Another pos-si-ble prob-lem you may en-counter is re-lated 
to the sources file named \T1/phv/m/n/10.95 SqueakV3.sources\T1/ptm/m/n/10.95 ,

 []

<sourcesMissing2.pdf, id=234, 645.41125pt x 112.42pt>
File: sourcesMissing2.pdf Graphic file (type pdf)

<use sourcesMissing2.pdf> [8 <./changesNotWritable.pdf> <./sourcesMissing2.pdf>
] [9] (./GettingStarted.aux)

 *File List*
../Common.tex
    book.cls    2005/09/16 v1.4f Standard LaTeX document class
    bk11.clo    2005/09/16 v1.4f Standard LaTeX file (size option)
 makeidx.sty    2000/03/29 v1.0m Standard LaTeX package
   times.sty    2005/04/12 PSNFSS-v9.2a (SPQR) 
  a4wide.sty    1994/08/30
      a4.sty    2004/04/15 v1.2g A4 based page layout
graphicx.sty    1999/02/16 v1.0f Enhanced LaTeX Graphics (DPC,SPQR)
  keyval.sty    1999/03/16 v1.13 key=value parser (DPC)
graphics.sty    2006/02/20 v1.0o Standard LaTeX Graphics (DPC,SPQR)
    trig.sty    1999/03/16 v1.09 sin cos tan (DPC)
graphics.cfg    2007/01/18 v1.5 graphics configuration of teTeX/TeXLive
  pdftex.def    2007/01/08 v0.04d Graphics/color for pdfTeX
    calc.sty    2005/08/06 v4.2 Infix arithmetic (KKT,FJ)
  pifont.sty    2005/04/12 PSNFSS-v9.2a Pi font support (SPQR) 
    upzd.fd    2001/06/04 font definitions for U/pzd.
    upsy.fd    2001/06/04 font definitions for U/psy.
   t1enc.sty    1994/06/01 Standard LaTeX package
  xspace.sty    2006/05/08 v1.12 Space after command names (DPC,MH)
  ifthen.sty    2001/05/26 v1.1c Standard LaTeX ifthen package (DPC)
   alltt.sty    1997/06/16 v2.0g defines alltt environment
 theorem.sty    1995/11/23 v2.2c Theorem extension package (FMi)
     thp.sty    1995/11/23 v2.2c Theorem extension package (FMi)
../macroes.tex
     thb.sty    1995/11/23 v2.2c Theorem extension package (FMi)
   t1ptm.fd    2001/06/04 font definitions for T1/ptm.
supp-pdf.tex
   t1phv.fd    2001/06/04 scalable font definitions for T1/phv.
readyToUseMacZip2.pdf    Graphic file (type pdf)
macFiles2.pdf    Graphic file (type pdf)
   zipPC.pdf    Graphic file (type pdf)
 readyPC.pdf    Graphic file (type pdf)
dropImage2.pdf    Graphic file (type pdf)
 readyDD.pdf    Graphic file (type pdf)
firstEnvironmentAnnotated.pdf    Graphic file (type pdf)
firstBalloon2.pdf    Graphic file (type pdf)
sendingAMsg2.pdf    Graphic file (type pdf)
turn20+702.pdf    Graphic file (type pdf)
 turned2.pdf    Graphic file (type pdf)
colorGreen2.pdf    Graphic file (type pdf)
  green2.pdf    Graphic file (type pdf)
classBalloon2.pdf    Graphic file (type pdf)
creatingARobot2.pdf    Graphic file (type pdf)
worldMenuAnnotated.pdf    Graphic file (type pdf)
changesNotWritable.pdf    Graphic file (type pdf)
sourcesMissing2.pdf    Graphic file (type pdf)
 ***********


LaTeX Warning: There were undefined references.

 )
(\end occurred when \ifx on line 216 was incomplete) 
Here is how much of TeX's memory you used:
 1674 strings out of 94073
 22272 string characters out of 1162993
 71246 words of memory out of 1500000
 4918 multiletter control sequences out of 10000+50000
 35978 words of font info for 49 fonts, out of 1200000 for 2000
 645 hyphenation exceptions out of 8191
 27i,6n,23p,797b,245s stack positions out of 5000i,500n,6000p,200000b,5000s
{/usr/local/texlive/2007/te
xmf-dist/fonts/enc/dvips/base/8r.enc}</usr/local/texlive/2007/texmf-dist/fonts/
type1/bluesky/cm/cmbx12.pfb></usr/local/texlive/2007/texmf-dist/fonts/type1/blu
esky/cm/cmsy10.pfb></usr/local/texlive/2007/texmf-dist/fonts/type1/urw/helvetic
/uhvr8a.pfb></usr/local/texlive/2007/texmf-dist/fonts/type1/urw/times/utmb8a.pf
b></usr/local/texlive/2007/texmf-dist/fonts/type1/urw/times/utmr8a.pfb></usr/lo
cal/texlive/2007/texmf-dist/fonts/type1/urw/times/utmr8a.pfb></usr/local/texliv
e/2007/texmf-dist/fonts/type1/urw/times/utmri8a.pfb>
Output written on GettingStarted.pdf (9 pages, 485528 bytes).
PDF statistics:
 282 PDF objects out of 1000 (max. 8388607)
 0 named destinations out of 1000 (max. 131072)
 91 words of extra memory for PDF output out of 10000 (max. 10000000)

