This is pdfTeXk, Version 3.141592-1.40.3 (Web2C 7.5.6) (format=pdflatex 2008.5.13)  31 OCT 2008 18:48
entering extended mode
\write18 enabled.
 %&-line parsing enabled.
**NoteLecteur.tex
(./NoteLecteur.tex
LaTeX2e <2005/12/01>
Babel <v3.8h> and hyphenation patterns for english, usenglishmax, dumylang, noh
yphenation, arabic, basque, bulgarian, coptic, welsh, czech, slovak, german, ng
erman, danish, esperanto, spanish, catalan, galician, estonian, farsi, finnish,
 french, greek, monogreek, ancientgreek, croatian, hungarian, interlingua, ibyc
us, indonesian, icelandic, italian, latin, mongolian, dutch, norsk, polish, por
tuguese, pinyin, romanian, russian, slovenian, uppersorbian, serbian, swedish, 
turkish, ukenglish, ukrainian, loaded.

! LaTeX Error: File `../Common.tex' not found.

Type X to quit or <RETURN> to proceed,
or enter new name. (Default extension: tex)

Enter file name: 
! Emergency stop.
<read *> 
         
l.2 \input{../Common.tex}
                         ^^M
End of file on the terminal!

 
Here is how much of TeX's memory you used:
 7 strings out of 94073
 147 string characters out of 1162993
 48804 words of memory out of 1500000
 3390 multiletter control sequences out of 10000+50000
 3640 words of font info for 14 fonts, out of 1200000 for 2000
 645 hyphenation exceptions out of 8191
 5i,0n,3p,43b,8s stack positions out of 5000i,500n,6000p,200000b,5000s
!  ==> Fatal error occurred, no output PDF file produced!
nfss/times.sty
Package: times 2005/04/12 PSNFSS-v9.2a (SPQR) 
)
(/usr/local/texlive/2007/texmf-dist/tex/latex/ltxmisc/a4wide.sty
Package: a4wide 1994/08/30

(/usr/local/texlive/2007/texmf-dist/tex/latex/ntgclass/a4.sty
Package: a4 2004/04/15 v1.2g A4 based page layout
))
(/usr/local/texlive/2007/texmf-dist/tex/latex/graphics/graphicx.sty
Package: graphicx 1999/02/16 v1.0f Enhanced LaTeX Graphics (DPC,SPQR)

(/usr/local/texlive/2007/texmf-dist/tex/latex/graphics/keyval.sty
Package: keyval 1999/03/16 v1.13 key=value parser (DPC)
\KV@toks@=\toks14
)
(/usr/local/texlive/2007/texmf-dist/tex/latex/graphics/graphics.sty
Package: graphics 2006/02/20 v1.0o Standard LaTeX Graphics (DPC,SPQR)

(/usr/local/texlive/2007/texmf-dist/tex/latex/graphics/trig.sty
Package: trig 1999/03/16 v1.09 sin cos tan (DPC)
)
(/usr/local/texlive/2007/texmf/tex/latex/config/graphics.cfg
File: graphics.cfg 2007/01/18 v1.5 graphics configuration of teTeX/TeXLive
)
Package graphics Info: Driver file: pdftex.def on input line 90.

(/usr/local/texlive/2007/texmf-dist/tex/latex/pdftex-def/pdftex.def
File: pdftex.def 2007/01/08 v0.04d Graphics/color for pdfTeX
\Gread@gobject=\count88
))
\Gin@req@height=\dimen103
\Gin@req@width=\dimen104
)
(/usr/local/texlive/2007/texmf-dist/tex/latex/tools/calc.sty
Package: calc 2005/08/06 v4.2 Infix arithmetic (KKT,FJ)
\calc@Acount=\count89
\calc@Bcount=\count90
\calc@Adimen=\dimen105
\calc@Bdimen=\dimen106
\calc@Askip=\skip43
\calc@Bskip=\skip44
LaTeX Info: Redefining \setlength on input line 75.
LaTeX Info: Redefining \addtolength on input line 76.
\calc@Ccount=\count91
\calc@Cskip=\skip45
)
(/usr/local/texlive/2007/texmf-dist/tex/latex/psnfss/pifont.sty
Package: pifont 2005/04/12 PSNFSS-v9.2a Pi font support (SPQR) 
LaTeX Font Info:    Try loading font information for U+pzd on input line 63.

(/usr/local/texlive/2007/texmf-dist/tex/latex/psnfss/upzd.fd
File: upzd.fd 2001/06/04 font definitions for U/pzd.
)
LaTeX Font Info:    Try loading font information for U+psy on input line 64.

(/usr/local/texlive/2007/texmf-dist/tex/latex/psnfss/upsy.fd
File: upsy.fd 2001/06/04 font definitions for U/psy.
))
(/usr/local/texlive/2007/texmf-dist/tex/latex/base/t1enc.sty
Package: t1enc 1994/06/01 Standard LaTeX package
)
(/usr/local/texlive/2007/texmf-dist/tex/latex/tools/xspace.sty
Package: xspace 2006/05/08 v1.12 Space after command names (DPC,MH)
)
(/usr/local/texlive/2007/texmf-dist/tex/latex/base/ifthen.sty
Package: ifthen 2001/05/26 v1.1c Standard LaTeX ifthen package (DPC)
)
(/usr/local/texlive/2007/texmf-dist/tex/latex/base/alltt.sty
Package: alltt 1997/06/16 v2.0g defines alltt environment
)
(/usr/local/texlive/2007/texmf-dist/tex/latex/tools/theorem.sty
Package: theorem 1995/11/23 v2.2c Theorem extension package (FMi)
\theorem@style=\toks15
\theorem@bodyfont=\toks16
\theorempreskipamount=\skip46
\theorempostskipamount=\skip47

(/usr/local/texlive/2007/texmf-dist/tex/latex/tools/thp.sty
File: thp.sty 1995/11/23 v2.2c Theorem extension package (FMi)
)))

! LaTeX Error: File `../macroes.tex' not found.

Type X to quit or <RETURN> to proceed,
or enter new name. (Default extension: tex)

Enter file name: 
! Emergency stop.
<read *> 
         
l.3 \input{../macroes.tex}
                          ^^M
End of file on the terminal!

 
Here is how much of TeX's memory you used:
 878 strings out of 94073
 12021 string characters out of 1162993
 59064 words of memory out of 1500000
 4181 multiletter control sequences out of 10000+50000
 6627 words of font info for 22 fonts, out of 1200000 for 2000
 645 hyphenation exceptions out of 8191
 27i,0n,21p,329b,78s stack positions out of 5000i,500n,6000p,200000b,5000s
!  ==> Fatal error occurred, no output PDF file produced!
nt99
\c@bigstepnumber=\count100
\c@exercisenumber=\count101
)
(./NoteLecteur.aux)
\openout1 = `NoteLecteur.aux'.

LaTeX Font Info:    Checking defaults for OML/cmm/m/it on input line 4.
LaTeX Font Info:    ... okay on input line 4.
LaTeX Font Info:    Checking defaults for T1/cmr/m/n on input line 4.
LaTeX Font Info:    ... okay on input line 4.
LaTeX Font Info:    Checking defaults for OT1/cmr/m/n on input line 4.
LaTeX Font Info:    ... okay on input line 4.
LaTeX Font Info:    Checking defaults for OMS/cmsy/m/n on input line 4.
LaTeX Font Info:    ... okay on input line 4.
LaTeX Font Info:    Checking defaults for OMX/cmex/m/n on input line 4.
LaTeX Font Info:    ... okay on input line 4.
LaTeX Font Info:    Checking defaults for U/cmr/m/n on input line 4.
LaTeX Font Info:    ... okay on input line 4.

(/usr/local/texlive/2007/texmf-dist/tex/context/base/supp-pdf.tex
[Loading MPS to PDF converter (version 2006.09.02).]
\scratchcounter=\count102
\scratchdimen=\dimen107
\scratchbox=\box28
\nofMPsegments=\count103
\nofMParguments=\count104
\MPscratchCnt=\count105
\MPscratchDim=\dimen108
\MPnumerator=\count106
\everyMPtoPDFconversion=\toks17
)
LaTeX Font Info:    Font shape `T1/ptm/bx/n' in size <14.4> not available
(Font)              Font shape `T1/ptm/b/n' tried instead on input line 12.

Underfull \vbox (badness 1253) has occurred while \output is active []

 [1


{/usr/local/texlive/2007/texmf-var/fonts/map/pdftex/updmap/pdftex.map}]
LaTeX Font Info:    Font shape `T1/ptm/bx/n' in size <10.95> not available
(Font)              Font shape `T1/ptm/b/n' tried instead on input line 39.

<ChTurntitlePicture.pdf, id=9, 356.33125pt x 70.2625pt>
File: ChTurntitlePicture.pdf Graphic file (type pdf)

<use ChTurntitlePicture.pdf> <varLoopsTitle.pdf, id=10, 361.35pt x 353.32pt>
File: varLoopsTitle.pdf Graphic file (type pdf)

<use varLoopsTitle.pdf> <nborsteps.pdf, id=11, 292.09125pt x 81.30376pt>
File: nborsteps.pdf Graphic file (type pdf)

<use nborsteps.pdf> [2 <./ChTurntitlePicture.pdf> <./varLoopsTitle.pdf>]
<followBorder2.pdf, id=21, 202.7575pt x 202.7575pt>
File: followBorder2.pdf Graphic file (type pdf)
 <use followBorder2.pdf>
<oppositeBorderOfBox.pdf, id=22, 211.79124pt x 211.79124pt>
File: oppositeBorderOfBox.pdf Graphic file (type pdf)

<use oppositeBorderOfBox.pdf>
LaTeX Font Info:    External font `cmex10' loaded for size
(Font)              <10.95> on input line 69.
LaTeX Font Info:    External font `cmex10' loaded for size
(Font)              <8> on input line 69.
LaTeX Font Info:    External font `cmex10' loaded for size
(Font)              <6> on input line 69.
 [3 <./nborsteps.pdf> <./followBorder2.pdf> <./oppositeBorderOfBox.pdf>] [4] (.
/NoteLecteur.aux)

 *File List*
../Common.tex
    book.cls    2005/09/16 v1.4f Standard LaTeX document class
    bk11.clo    2005/09/16 v1.4f Standard LaTeX file (size option)
 makeidx.sty    2000/03/29 v1.0m Standard LaTeX package
   times.sty    2005/04/12 PSNFSS-v9.2a (SPQR) 
  a4wide.sty    1994/08/30
      a4.sty    2004/04/15 v1.2g A4 based page layout
graphicx.sty    1999/02/16 v1.0f Enhanced LaTeX Graphics (DPC,SPQR)
  keyval.sty    1999/03/16 v1.13 key=value parser (DPC)
graphics.sty    2006/02/20 v1.0o Standard LaTeX Graphics (DPC,SPQR)
    trig.sty    1999/03/16 v1.09 sin cos tan (DPC)
graphics.cfg    2007/01/18 v1.5 graphics configuration of teTeX/TeXLive
  pdftex.def    2007/01/08 v0.04d Graphics/color for pdfTeX
    calc.sty    2005/08/06 v4.2 Infix arithmetic (KKT,FJ)
  pifont.sty    2005/04/12 PSNFSS-v9.2a Pi font support (SPQR) 
    upzd.fd    2001/06/04 font definitions for U/pzd.
    upsy.fd    2001/06/04 font definitions for U/psy.
   t1enc.sty    1994/06/01 Standard LaTeX package
  xspace.sty    2006/05/08 v1.12 Space after command names (DPC,MH)
  ifthen.sty    2001/05/26 v1.1c Standard LaTeX ifthen package (DPC)
   alltt.sty    1997/06/16 v2.0g defines alltt environment
 theorem.sty    1995/11/23 v2.2c Theorem extension package (FMi)
     thp.sty    1995/11/23 v2.2c Theorem extension package (FMi)
../macroes.tex
     thb.sty    1995/11/23 v2.2c Theorem extension package (FMi)
   t1ptm.fd    2001/06/04 font definitions for T1/ptm.
supp-pdf.tex
ChTurntitlePicture.pdf    Graphic file (type pdf)
varLoopsTitle.pdf    Graphic file (type pdf)
nborsteps.pdf    Graphic file (type pdf)
followBorder2.pdf    Graphic file (type pdf)
oppositeBorderOfBox.pdf    Graphic file (type pdf)
 ***********

 )
(\end occurred when \ifx on line 98 was incomplete) 
Here is how much of TeX's memory you used:
 1531 strings out of 94073
 19993 string characters out of 1162993
 72088 words of memory out of 1500000
 4797 multiletter control sequences out of 10000+50000
 23560 words of font info for 40 fonts, out of 1200000 for 2000
 645 hyphenation exceptions out of 8191
 27i,4n,23p,829b,244s stack positions out of 5000i,500n,6000p,200000b,5000s
{/usr/local/texlive/2007/tex
mf-dist/fonts/enc/dvips/base/8r.enc}</usr/local/texlive/2007/texmf-dist/fonts/t
ype1/bluesky/cm/cmbx12.pfb></usr/local/texlive/2007/texmf-dist/fonts/type1/blue
sky/cm/cmsy10.pfb></usr/local/texlive/2007/texmf-dist/fonts/type1/urw/times/utm
b8a.pfb></usr/local/texlive/2007/texmf-dist/fonts/type1/urw/times/utmr8a.pfb></
usr/local/texlive/2007/texmf-dist/fonts/type1/urw/times/utmri8a.pfb>
Output written on NoteLecteur.pdf (4 pages, 82626 bytes).
PDF statistics:
 69 PDF objects out of 1000 (max. 8388607)
 0 named destinations out of 1000 (max. 131072)
 26 words of extra memory for PDF output out of 10000 (max. 10000000)

